# JRE version: Java(TM) SE Runtime Environment (20.0.2+9) (build 20.0.2+9-78)
# Java VM: Java HotSpot(TM) 64-Bit Server VM (20.0.2+9-78, mixed mode, sharing, tiered, compressed oops, compressed class ptrs, g1 gc, windows-amd64)
GC Precious Log:
 CardTable entry size: 512
 Card Set container configuration: InlinePtr #cards 4 size 8 Array Of Cards #cards 16 size 48 Howl #buckets 8 coarsen threshold 3686 Howl Bitmap #cards 512 size 80 coarsen threshold 460 Card regions per heap region 1 cards per card region 4096
 CPUs: 4 total, 4 available
 Memory: 11709M
 Large Page Support: Disabled
 NUMA Support: Disabled
 Compressed Oops: Enabled (Zero based)
 Heap Region Size: 2M
 Heap Min Capacity: 8M
 Heap Initial Capacity: 184M
 Heap Max Capacity: 2928M
 Pre-touch: Disabled
 Parallel Workers: 4
 Concurrent Workers: 1
 Concurrent Refinement Workers: 4
 Periodic GC: Disabled
Heap:
 garbage-first heap   total 266240K, used 49451K [0x0000000749000000, 0x0000000800000000)
  region size 2048K, 7 young (14336K), 7 survivors (14336K)
 Metaspace       used 10019K, committed 10240K, reserved 1114112K
  class space    used 1111K, committed 1216K, reserved 1048576K
GC Heap History (19 events):
Event: 0.845 GC heap before
{Heap before GC invocations=0 (full 0):
 garbage-first heap   total 188416K, used 10240K [0x0000000749000000, 0x0000000800000000)
  region size 2048K, 6 young (12288K), 0 survivors (0K)
 Metaspace       used 3823K, committed 3968K, reserved 1114112K
  class space    used 444K, committed 512K, reserved 1048576K
}
Event: 0.851 GC heap after
{Heap after GC invocations=1 (full 0):
 garbage-first heap   total 188416K, used 5855K [0x0000000749000000, 0x0000000800000000)
  region size 2048K, 1 young (2048K), 1 survivors (2048K)
 Metaspace       used 3823K, committed 3968K, reserved 1114112K
  class space    used 444K, committed 512K, reserved 1048576K
}
Event: 1.266 GC heap before
{Heap before GC invocations=1 (full 0):
 garbage-first heap   total 188416K, used 14047K [0x0000000749000000, 0x0000000800000000)
  region size 2048K, 5 young (10240K), 1 survivors (2048K)
 Metaspace       used 6239K, committed 6336K, reserved 1114112K
  class space    used 744K, committed 768K, reserved 1048576K
}
Event: 1.271 GC heap after
{Heap after GC invocations=2 (full 0):
 garbage-first heap   total 188416K, used 7648K [0x0000000749000000, 0x0000000800000000)
  region size 2048K, 1 young (2048K), 1 survivors (2048K)
 Metaspace       used 6239K, committed 6336K, reserved 1114112K
  class space    used 744K, committed 768K, reserved 1048576K
}
Event: 1.745 GC heap before
{Heap before GC invocations=2 (full 0):
 garbage-first heap   total 188416K, used 28128K [0x0000000749000000, 0x0000000800000000)
  region size 2048K, 11 young (22528K), 1 survivors (2048K)
 Metaspace       used 9816K, committed 10048K, reserved 1114112K
  class space    used 1100K, committed 1216K, reserved 1048576K
}
Event: 1.752 GC heap after
{Heap after GC invocations=3 (full 0):
 garbage-first heap   total 188416K, used 9028K [0x0000000749000000, 0x0000000800000000)
  region size 2048K, 2 young (4096K), 2 survivors (4096K)
 Metaspace       used 9816K, committed 10048K, reserved 1114112K
  class space    used 1100K, committed 1216K, reserved 1048576K
}
Event: 1.926 GC heap before
{Heap before GC invocations=3 (full 0):
 garbage-first heap   total 188416K, used 72516K [0x0000000749000000, 0x0000000800000000)
  region size 2048K, 33 young (67584K), 2 survivors (4096K)
 Metaspace       used 9857K, committed 10112K, reserved 1114112K
  class space    used 1100K, committed 1216K, reserved 1048576K
}
Event: 1.936 GC heap after
{Heap after GC invocations=4 (full 0):
 garbage-first heap   total 188416K, used 12013K [0x0000000749000000, 0x0000000800000000)
  region size 2048K, 3 young (6144K), 3 survivors (6144K)
 Metaspace       used 9857K, committed 10112K, reserved 1114112K
  class space    used 1100K, committed 1216K, reserved 1048576K
}
Event: 2.211 GC heap before
{Heap before GC invocations=4 (full 0):
 garbage-first heap   total 188416K, used 118509K [0x0000000749000000, 0x0000000800000000)
  region size 2048K, 55 young (112640K), 3 survivors (6144K)
 Metaspace       used 10006K, committed 10240K, reserved 1114112K
  class space    used 1111K, committed 1216K, reserved 1048576K
}
Event: 2.237 GC heap after
{Heap after GC invocations=5 (full 0):
 garbage-first heap   total 188416K, used 20108K [0x0000000749000000, 0x0000000800000000)
  region size 2048K, 7 young (14336K), 7 survivors (14336K)
 Metaspace       used 10006K, committed 10240K, reserved 1114112K
  class space    used 1111K, committed 1216K, reserved 1048576K
}
Event: 2.309 GC heap before
{Heap before GC invocations=5 (full 0):
 garbage-first heap   total 188416K, used 118412K [0x0000000749000000, 0x0000000800000000)
  region size 2048K, 55 young (112640K), 7 survivors (14336K)
 Metaspace       used 10008K, committed 10240K, reserved 1114112K
  class space    used 1111K, committed 1216K, reserved 1048576K
}
Event: 2.339 GC heap after
{Heap after GC invocations=6 (full 0):
 garbage-first heap   total 266240K, used 25608K [0x0000000749000000, 0x0000000800000000)
  region size 2048K, 3 young (6144K), 3 survivors (6144K)
 Metaspace       used 10008K, committed 10240K, reserved 1114112K
  class space    used 1111K, committed 1216K, reserved 1048576K
}
Event: 2.351 GC heap before
{Heap before GC invocations=6 (full 0):
 garbage-first heap   total 266240K, used 31752K [0x0000000749000000, 0x0000000800000000)
  region size 2048K, 6 young (12288K), 3 survivors (6144K)
 Metaspace       used 10008K, committed 10240K, reserved 1114112K
  class space    used 1111K, committed 1216K, reserved 1048576K
}
Event: 2.364 GC heap after
{Heap after GC invocations=7 (full 0):
 garbage-first heap   total 266240K, used 26312K [0x0000000749000000, 0x0000000800000000)
  region size 2048K, 1 young (2048K), 1 survivors (2048K)
 Metaspace       used 10008K, committed 10240K, reserved 1114112K
  class space    used 1111K, committed 1216K, reserved 1048576K
}
Event: 2.477 GC heap before
{Heap before GC invocations=7 (full 0):
 garbage-first heap   total 266240K, used 83656K [0x0000000749000000, 0x0000000800000000)
  region size 2048K, 28 young (57344K), 1 survivors (2048K)
 Metaspace       used 10010K, committed 10240K, reserved 1114112K
  class space    used 1111K, committed 1216K, reserved 1048576K
}
Event: 2.490 GC heap after
{Heap after GC invocations=8 (full 0):
 garbage-first heap   total 266240K, used 31370K [0x0000000749000000, 0x0000000800000000)
  region size 2048K, 3 young (6144K), 3 survivors (6144K)
 Metaspace       used 10010K, committed 10240K, reserved 1114112K
  class space    used 1111K, committed 1216K, reserved 1048576K
}
Event: 2.624 GC heap before
{Heap before GC invocations=8 (full 0):
 garbage-first heap   total 266240K, used 184970K [0x0000000749000000, 0x0000000800000000)
  region size 2048K, 78 young (159744K), 3 survivors (6144K)
 Metaspace       used 10012K, committed 10240K, reserved 1114112K
  class space    used 1111K, committed 1216K, reserved 1048576K
}
Event: 2.649 GC heap after
{Heap after GC invocations=9 (full 0):
 garbage-first heap   total 266240K, used 39387K [0x0000000749000000, 0x0000000800000000)
  region size 2048K, 6 young (12288K), 6 survivors (12288K)
 Metaspace       used 10012K, committed 10240K, reserved 1114112K
  class space    used 1111K, committed 1216K, reserved 1048576K
}
Event: 2.761 GC heap before
{Heap before GC invocations=9 (full 0):
 garbage-first heap   total 266240K, used 154075K [0x0000000749000000, 0x0000000800000000)
  region size 2048K, 60 young (122880K), 6 survivors (12288K)
 Metaspace       used 10019K, committed 10240K, reserved 1114112K
  class space    used 1111K, committed 1216K, reserved 1048576K
}

